<?xml version="1.0" encoding="UTF-8"?>
<!-- Generated by org.testng.reporters.JUnitXMLReporter -->
<testsuite hostname="DESKTOP-A4JAS9F" ignored="0" name="New User: ADD_Enterprise_Role_Request_Escalation_And_Rejection" tests="1" failures="1" timestamp="25 Oct 2018 06:30:11 GMT" time="288.605" errors="0">
  <testcase name="TC2" time="260.756" classname="com.bp.saviynt.ADD_Enterprise_Role_Request_Escalation_And_Rejection">
    <failure type="java.lang.AssertionError" message="All end points were not present expected [true] but found [false]">
      <![CDATA[java.lang.AssertionError: All end points were not present expected [true] but found [false]
at com.bp.saviynt.ADD_Enterprise_Role_Request_Escalation_And_Rejection.TC2(ADD_Enterprise_Role_Request_Escalation_And_Rejection.java:129)
... Removed 32 stack frames]]>
    </failure>
  </testcase> <!-- TC2 -->
</testsuite> <!-- New User: ADD_Enterprise_Role_Request_Escalation_And_Rejection -->
