<!DOCTYPE html PUBLIC "-//W3C//DTD XHTML 1.1//EN" "http://www.w3.org/TR/xhtml11/DTD/xhtml11.dtd">
<html xmlns="http://www.w3.org/1999/xhtml">
<head>
<meta http-equiv="content-type" content="text/html; charset=UTF-8"/>
<title>TestNG Report</title>
<style type="text/css">table {margin-bottom:10px;border-collapse:collapse;empty-cells:show}th,td {border:1px solid #009;padding:.25em .5em}th {vertical-align:bottom}td {vertical-align:top}table a {font-weight:bold}.stripe td {background-color: #E6EBF9}.num {text-align:right}.passedodd td {background-color: #3F3}.passedeven td {background-color: #0A0}.skippedodd td {background-color: #DDD}.skippedeven td {background-color: #CCC}.failedodd td,.attn {background-color: #F33}.failedeven td,.stripe .attn {background-color: #D00}.stacktrace {white-space:pre;font-family:monospace}.totop {font-size:85%;text-align:center;border-bottom:2px solid #000}.invisible {display:none}</style>
</head>
<body>
<table>
<tr><th>Test</th><th># Passed</th><th># Skipped</th><th># Failed</th><th>Time (ms)</th><th>Included Groups</th><th>Excluded Groups</th></tr>
<tr><th colspan="7">Saviynt</th></tr>
<tr><td><a href="#t0">New User: ADD_Enterprise_Role_Request_Escalation_And_Rejection</a></td><td class="num">0</td><td class="num">0</td><td class="num attn">1</td><td class="num">288,605</td><td></td><td></td></tr>
<tr class="stripe"><td><a href="#t1">New User: ADD Enterprise Role Request-Basic</a></td><td class="num">2</td><td class="num">0</td><td class="num">0</td><td class="num">320,088</td><td></td><td></td></tr>
<tr><td><a href="#t2">Existing User: ADD_Enterprise_Role_Request_SOD</a></td><td class="num">0</td><td class="num">0</td><td class="num attn">1</td><td class="num">162,135</td><td></td><td></td></tr>
<tr class="stripe"><td><a href="#t3">Existing User: REMOVE_and_ADD_Enterprise_Role_Request</a></td><td class="num">0</td><td class="num">0</td><td class="num attn">1</td><td class="num">81,002</td><td></td><td></td></tr>
<tr><th>Total</th><th class="num">2</th><th class="num">0</th><th class="num attn">3</th><th class="num">851,830</th><th colspan="2"></th></tr>
</table>
<table id='summary'><thead><tr><th>Class</th><th>Method</th><th>Start</th><th>Time (ms)</th></tr></thead><tbody><tr><th colspan="4">Saviynt</th></tr></tbody><tbody id="t0"><tr><th colspan="4">New User: ADD_Enterprise_Role_Request_Escalation_And_Rejection &#8212; failed</th></tr><tr class="failedeven"><td rowspan="1">com.bp.saviynt.ADD_Enterprise_Role_Request_Escalation_And_Rejection</td><td><a href="#m0">TC2</a></td><td rowspan="1">1540448745852</td><td rowspan="1">260756</td></tr></tbody>
<tbody id="t1"><tr><th colspan="4">New User: ADD Enterprise Role Request-Basic &#8212; passed</th></tr><tr class="passedeven"><td rowspan="2">com.bp.saviynt.ADD_Enterprise_Role_Request_Basic_Test</td><td><a href="#m1">JobTrigger</a></td><td rowspan="1">1540449296778</td><td rowspan="1">33377</td></tr><tr class="passedeven"><td><a href="#m2">TC1</a></td><td rowspan="1">1540449045821</td><td rowspan="1">225029</td></tr></tbody>
<tbody id="t2"><tr><th colspan="4">Existing User: ADD_Enterprise_Role_Request_SOD &#8212; failed</th></tr><tr class="failedeven"><td rowspan="1">com.bp.saviynt.ADD_Enterprise_Role_Request_SOD</td><td><a href="#m3">TC4</a></td><td rowspan="1">1540449377894</td><td rowspan="1">115633</td></tr></tbody>
<tbody id="t3"><tr><th colspan="4">Existing User: REMOVE_and_ADD_Enterprise_Role_Request &#8212; failed</th></tr><tr class="failedeven"><td rowspan="1">com.bp.saviynt.REMOVE_and_ADD_Enterprise_Role_Request</td><td><a href="#m4">TC3</a></td><td rowspan="1">1540449523654</td><td rowspan="1">53638</td></tr></tbody>
</table>
<h2>New User: ADD_Enterprise_Role_Request_Escalation_And_Rejection</h2><h3 id="m0">com.bp.saviynt.ADD_Enterprise_Role_Request_Escalation_And_Rejection#TC2</h3><table class="result"><tr><th>Exception</th></tr><tr><td><div class="stacktrace">java.lang.AssertionError: All end points were not present expected [true] but found [false]
	at com.bp.saviynt.ADD_Enterprise_Role_Request_Escalation_And_Rejection.TC2(ADD_Enterprise_Role_Request_Escalation_And_Rejection.java:129)
... Removed 32 stack frames</div></td></tr></table><p class="totop"><a href="#summary">back to summary</a></p>
<h2>New User: ADD Enterprise Role Request-Basic</h2><h3 id="m1">com.bp.saviynt.ADD_Enterprise_Role_Request_Basic_Test#JobTrigger</h3><table class="result"><tr><th class="invisible"/></tr></table><p class="totop"><a href="#summary">back to summary</a></p>
<h3 id="m2">com.bp.saviynt.ADD_Enterprise_Role_Request_Basic_Test#TC1</h3><table class="result"><tr><th class="invisible"/></tr></table><p class="totop"><a href="#summary">back to summary</a></p>
<h2>Existing User: ADD_Enterprise_Role_Request_SOD</h2><h3 id="m3">com.bp.saviynt.ADD_Enterprise_Role_Request_SOD#TC4</h3><table class="result"><tr><th>Exception</th></tr><tr><td><div class="stacktrace">org.openqa.selenium.StaleElementReferenceException: stale element reference: element is not attached to the page document
  (Session info: chrome=69.0.3497.100)
  (Driver info: chromedriver=2.41.578737 (49da6702b16031c40d63e5618de03a32ff6c197e),platform=Windows NT 10.0.17134 x86_64) (WARNING: The server did not provide any stacktrace information)
Command duration or timeout: 0 milliseconds
For documentation on this error, please visit: http://seleniumhq.org/exceptions/stale_element_reference.html
Build info: version: &apos;3.14.0&apos;, revision: &apos;aacccce0&apos;, time: &apos;2018-08-02T20:19:58.91Z&apos;
System info: host: &apos;DESKTOP-A4JAS9F&apos;, ip: &apos;9.195.219.73&apos;, os.name: &apos;Windows 10&apos;, os.arch: &apos;amd64&apos;, os.version: &apos;10.0&apos;, java.version: &apos;1.8.0_171&apos;
Driver info: org.openqa.selenium.chrome.ChromeDriver
Capabilities {acceptInsecureCerts: false, acceptSslCerts: false, applicationCacheEnabled: false, browserConnectionEnabled: false, browserName: chrome, chrome: {chromedriverVersion: 2.41.578737 (49da6702b16031..., userDataDir: C:\Users\AnithaB\AppData\Lo...}, cssSelectorsEnabled: true, databaseEnabled: false, goog:chromeOptions: {debuggerAddress: localhost:60772}, handlesAlerts: true, hasTouchScreen: false, javascriptEnabled: true, locationContextEnabled: true, mobileEmulationEnabled: false, nativeEvents: true, networkConnectionEnabled: false, pageLoadStrategy: normal, platform: XP, platformName: XP, rotatable: false, setWindowRect: true, takesHeapSnapshot: true, takesScreenshot: true, unexpectedAlertBehaviour: , unhandledPromptBehavior: , version: 69.0.3497.100, webStorageEnabled: true}
Session ID: fbce9e823d7888e07a4c36b94f335c0e
	at org.openqa.selenium.remote.ErrorHandler.createThrowable(ErrorHandler.java:214)
	at org.openqa.selenium.remote.ErrorHandler.throwIfResponseFailed(ErrorHandler.java:166)
	at org.openqa.selenium.remote.http.JsonHttpResponseCodec.reconstructValue(JsonHttpResponseCodec.java:40)
	at org.openqa.selenium.remote.http.AbstractHttpResponseCodec.decode(AbstractHttpResponseCodec.java:80)
	at org.openqa.selenium.remote.http.AbstractHttpResponseCodec.decode(AbstractHttpResponseCodec.java:44)
	at org.openqa.selenium.remote.HttpCommandExecutor.execute(HttpCommandExecutor.java:158)
	at org.openqa.selenium.remote.service.DriverCommandExecutor.execute(DriverCommandExecutor.java:83)
	at org.openqa.selenium.remote.RemoteWebDriver.execute(RemoteWebDriver.java:548)
	at org.openqa.selenium.remote.RemoteWebElement.execute(RemoteWebElement.java:276)
	at org.openqa.selenium.remote.RemoteWebElement.click(RemoteWebElement.java:83)
	at com.bp.saviynt.ApprovalInboxPage.searchRequestNumber(ApprovalInboxPage.java:101)
	at com.bp.saviynt.ADD_Enterprise_Role_Request_SOD.TC4(ADD_Enterprise_Role_Request_SOD.java:65)
... Removed 33 stack frames</div></td></tr></table><p class="totop"><a href="#summary">back to summary</a></p>
<h2>Existing User: REMOVE_and_ADD_Enterprise_Role_Request</h2><h3 id="m4">com.bp.saviynt.REMOVE_and_ADD_Enterprise_Role_Request#TC3</h3><table class="result"><tr><th>Exception</th></tr><tr><td><div class="stacktrace">org.openqa.selenium.TimeoutException: Expected condition failed: waiting for visibility of Proxy element for: DefaultElementLocator &apos;By.xpath: (//a[@class=&apos;btn red btn-xs pull-right&apos;])[1]&apos; (tried for 30 second(s) with 500 milliseconds interval)
	at org.openqa.selenium.support.ui.WebDriverWait.timeoutException(WebDriverWait.java:113)
	at org.openqa.selenium.support.ui.FluentWait.until(FluentWait.java:283)
	at com.bp.saviynt.FindRolePage.searchAndRemoveFromCart(FindRolePage.java:82)
	at com.bp.saviynt.REMOVE_and_ADD_Enterprise_Role_Request.TC3(REMOVE_and_ADD_Enterprise_Role_Request.java:47)
Caused by: org.openqa.selenium.NoSuchElementException: no such element: Unable to locate element: {&quot;method&quot;:&quot;xpath&quot;,&quot;selector&quot;:&quot;(//a[@class=&apos;btn red btn-xs pull-right&apos;])[1]&quot;}
  (Session info: chrome=69.0.3497.100)
  (Driver info: chromedriver=2.41.578737 (49da6702b16031c40d63e5618de03a32ff6c197e),platform=Windows NT 10.0.17134 x86_64) (WARNING: The server did not provide any stacktrace information)
Command duration or timeout: 0 milliseconds
For documentation on this error, please visit: http://seleniumhq.org/exceptions/no_such_element.html
Build info: version: &apos;3.14.0&apos;, revision: &apos;aacccce0&apos;, time: &apos;2018-08-02T20:19:58.91Z&apos;
System info: host: &apos;DESKTOP-A4JAS9F&apos;, ip: &apos;9.195.219.73&apos;, os.name: &apos;Windows 10&apos;, os.arch: &apos;amd64&apos;, os.version: &apos;10.0&apos;, java.version: &apos;1.8.0_171&apos;
Driver info: org.openqa.selenium.chrome.ChromeDriver
Capabilities {acceptInsecureCerts: false, acceptSslCerts: false, applicationCacheEnabled: false, browserConnectionEnabled: false, browserName: chrome, chrome: {chromedriverVersion: 2.41.578737 (49da6702b16031..., userDataDir: C:\Users\AnithaB\AppData\Lo...}, cssSelectorsEnabled: true, databaseEnabled: false, goog:chromeOptions: {debuggerAddress: localhost:60837}, handlesAlerts: true, hasTouchScreen: false, javascriptEnabled: true, locationContextEnabled: true, mobileEmulationEnabled: false, nativeEvents: true, networkConnectionEnabled: false, pageLoadStrategy: normal, platform: XP, platformName: XP, rotatable: false, setWindowRect: true, takesHeapSnapshot: true, takesScreenshot: true, unexpectedAlertBehaviour: , unhandledPromptBehavior: , version: 69.0.3497.100, webStorageEnabled: true}
Session ID: ece05088300971f7db04043ef24bd030
*** Element info: {Using=xpath, value=(//a[@class=&apos;btn red btn-xs pull-right&apos;])[1]}
	at org.openqa.selenium.remote.ErrorHandler.createThrowable(ErrorHandler.java:214)
	at org.openqa.selenium.remote.ErrorHandler.throwIfResponseFailed(ErrorHandler.java:166)
	at org.openqa.selenium.remote.http.JsonHttpResponseCodec.reconstructValue(JsonHttpResponseCodec.java:40)
	at org.openqa.selenium.remote.http.AbstractHttpResponseCodec.decode(AbstractHttpResponseCodec.java:80)
	at org.openqa.selenium.remote.http.AbstractHttpResponseCodec.decode(AbstractHttpResponseCodec.java:44)
	at org.openqa.selenium.remote.HttpCommandExecutor.execute(HttpCommandExecutor.java:158)
	at org.openqa.selenium.remote.service.DriverCommandExecutor.execute(DriverCommandExecutor.java:83)
	at org.openqa.selenium.remote.RemoteWebDriver.execute(RemoteWebDriver.java:548)
	at org.openqa.selenium.remote.RemoteWebDriver.findElement(RemoteWebDriver.java:322)
	at org.openqa.selenium.remote.RemoteWebDriver.findElementByXPath(RemoteWebDriver.java:424)
	at org.openqa.selenium.By$ByXPath.findElement(By.java:353)
	at org.openqa.selenium.remote.RemoteWebDriver.findElement(RemoteWebDriver.java:314)
	at org.openqa.selenium.support.pagefactory.DefaultElementLocator.findElement(DefaultElementLocator.java:69)
	at org.openqa.selenium.support.pagefactory.internal.LocatingElementHandler.invoke(LocatingElementHandler.java:38)
	at com.sun.proxy.$Proxy8.isDisplayed(Unknown Source)
	at org.openqa.selenium.support.ui.ExpectedConditions.elementIfVisible(ExpectedConditions.java:315)
	at org.openqa.selenium.support.ui.ExpectedConditions.access$100(ExpectedConditions.java:44)
	at org.openqa.selenium.support.ui.ExpectedConditions$10.apply(ExpectedConditions.java:301)
	at org.openqa.selenium.support.ui.ExpectedConditions$10.apply(ExpectedConditions.java:298)
	at org.openqa.selenium.support.ui.FluentWait.until(FluentWait.java:260)
	... 31 more
... Removed 32 stack frames</div></td></tr></table><p class="totop"><a href="#summary">back to summary</a></p>
</body>
</html>
